<?xml version="1.0" encoding="UTF-8"?>
<!-- Generated by org.testng.reporters.JUnitReportReporter -->
<testsuite skipped="0" hostname="DESKTOP-ANR6LII" name="practice.AppiumFramework.ecommerce_tc_4" tests="1" failures="0" timestamp="28 Aug 2019 17:13:45 GMT" time="40.193" errors="0">
  <testcase name="totalValidation" time="40.193" classname="practice.AppiumFramework.ecommerce_tc_4"/>
</testsuite> <!-- practice.AppiumFramework.ecommerce_tc_4 -->
