<?xml version="1.0" encoding="UTF-8"?>
<!-- Generated by org.testng.reporters.JUnitReportReporter -->
<testsuite skipped="0" hostname="DESKTOP-ANR6LII" name="practice.AppiumFramework.ApiDemoTest" tests="3" failures="0" timestamp="28 Aug 2019 17:13:45 GMT" time="84.865" errors="0">
  <testcase name="apiDemo" time="28.108" classname="practice.AppiumFramework.ApiDemoTest"/>
  <testcase name="apiDemo" time="28.132" classname="practice.AppiumFramework.ApiDemoTest"/>
  <testcase name="apiDemo" time="28.625" classname="practice.AppiumFramework.ApiDemoTest"/>
</testsuite> <!-- practice.AppiumFramework.ApiDemoTest -->
