<?xml version="1.0" encoding="UTF-8"?>
<testsuite xmlns:xsi="http://www.w3.org/2001/XMLSchema-instance" xsi:noNamespaceSchemaLocation="https://maven.apache.org/surefire/maven-surefire-plugin/xsd/surefire-test-report-3.0.xsd" version="3.0" name="TestSuite" time="131.073" tests="4" errors="0" skipped="0" failures="0">
  <properties>
    <property name="sun.desktop" value="windows"/>
    <property name="awt.toolkit" value="sun.awt.windows.WToolkit"/>
    <property name="file.encoding.pkg" value="sun.io"/>
    <property name="java.specification.version" value="1.8"/>
    <property name="sun.cpu.isalist" value="amd64"/>
    <property name="sun.jnu.encoding" value="Cp1252"/>
    <property name="java.class.path" value="G:\Selenium Project\AppiumFramework\target\test-classes;G:\Selenium Project\AppiumFramework\target\classes;C:\Users\SUBRAT\.m2\repository\io\appium\java-client\7.1.0\java-client-7.1.0.jar;C:\Users\SUBRAT\.m2\repository\org\seleniumhq\selenium\selenium-java\4.0.0-alpha-1\selenium-java-4.0.0-alpha-1.jar;C:\Users\SUBRAT\.m2\repository\org\seleniumhq\selenium\selenium-chrome-driver\4.0.0-alpha-1\selenium-chrome-driver-4.0.0-alpha-1.jar;C:\Users\SUBRAT\.m2\repository\org\seleniumhq\selenium\selenium-edge-driver\4.0.0-alpha-1\selenium-edge-driver-4.0.0-alpha-1.jar;C:\Users\SUBRAT\.m2\repository\org\seleniumhq\selenium\selenium-firefox-xpi-driver\4.0.0-alpha-1\selenium-firefox-xpi-driver-4.0.0-alpha-1.jar;C:\Users\SUBRAT\.m2\repository\org\seleniumhq\selenium\selenium-firefox-driver\4.0.0-alpha-1\selenium-firefox-driver-4.0.0-alpha-1.jar;C:\Users\SUBRAT\.m2\repository\org\seleniumhq\selenium\selenium-ie-driver\4.0.0-alpha-1\selenium-ie-driver-4.0.0-alpha-1.jar;C:\Users\SUBRAT\.m2\repository\org\seleniumhq\selenium\selenium-opera-driver\4.0.0-alpha-1\selenium-opera-driver-4.0.0-alpha-1.jar;C:\Users\SUBRAT\.m2\repository\org\seleniumhq\selenium\selenium-safari-driver\4.0.0-alpha-1\selenium-safari-driver-4.0.0-alpha-1.jar;C:\Users\SUBRAT\.m2\repository\org\seleniumhq\selenium\selenium-support\4.0.0-alpha-1\selenium-support-4.0.0-alpha-1.jar;C:\Users\SUBRAT\.m2\repository\org\seleniumhq\selenium\selenium-remote-driver\4.0.0-alpha-1\selenium-remote-driver-4.0.0-alpha-1.jar;C:\Users\SUBRAT\.m2\repository\net\bytebuddy\byte-buddy\1.9.12\byte-buddy-1.9.12.jar;C:\Users\SUBRAT\.m2\repository\org\apache\commons\commons-exec\1.3\commons-exec-1.3.jar;C:\Users\SUBRAT\.m2\repository\com\google\guava\guava\27.1-jre\guava-27.1-jre.jar;C:\Users\SUBRAT\.m2\repository\com\google\guava\failureaccess\1.0.1\failureaccess-1.0.1.jar;C:\Users\SUBRAT\.m2\repository\com\google\guava\listenablefuture\9999.0-empty-to-avoid-conflict-with-guava\listenablefuture-9999.0-empty-to-avoid-conflict-with-guava.jar;C:\Users\SUBRAT\.m2\repository\com\google\code\findbugs\jsr305\3.0.2\jsr305-3.0.2.jar;C:\Users\SUBRAT\.m2\repository\org\checkerframework\checker-qual\2.5.2\checker-qual-2.5.2.jar;C:\Users\SUBRAT\.m2\repository\com\google\errorprone\error_prone_annotations\2.2.0\error_prone_annotations-2.2.0.jar;C:\Users\SUBRAT\.m2\repository\com\google\j2objc\j2objc-annotations\1.1\j2objc-annotations-1.1.jar;C:\Users\SUBRAT\.m2\repository\org\codehaus\mojo\animal-sniffer-annotations\1.17\animal-sniffer-annotations-1.17.jar;C:\Users\SUBRAT\.m2\repository\com\squareup\okhttp3\okhttp\3.14.0\okhttp-3.14.0.jar;C:\Users\SUBRAT\.m2\repository\com\squareup\okio\okio\1.17.2\okio-1.17.2.jar;C:\Users\SUBRAT\.m2\repository\org\seleniumhq\selenium\selenium-api\4.0.0-alpha-1\selenium-api-4.0.0-alpha-1.jar;C:\Users\SUBRAT\.m2\repository\com\google\code\gson\gson\2.8.5\gson-2.8.5.jar;C:\Users\SUBRAT\.m2\repository\org\apache\httpcomponents\httpclient\4.5.8\httpclient-4.5.8.jar;C:\Users\SUBRAT\.m2\repository\org\apache\httpcomponents\httpcore\4.4.11\httpcore-4.4.11.jar;C:\Users\SUBRAT\.m2\repository\commons-codec\commons-codec\1.11\commons-codec-1.11.jar;C:\Users\SUBRAT\.m2\repository\cglib\cglib\3.2.10\cglib-3.2.10.jar;C:\Users\SUBRAT\.m2\repository\org\ow2\asm\asm\7.0\asm-7.0.jar;C:\Users\SUBRAT\.m2\repository\org\apache\ant\ant\1.10.3\ant-1.10.3.jar;C:\Users\SUBRAT\.m2\repository\org\apache\ant\ant-launcher\1.10.3\ant-launcher-1.10.3.jar;C:\Users\SUBRAT\.m2\repository\org\springframework\spring-context\5.1.6.RELEASE\spring-context-5.1.6.RELEASE.jar;C:\Users\SUBRAT\.m2\repository\org\springframework\spring-aop\5.1.6.RELEASE\spring-aop-5.1.6.RELEASE.jar;C:\Users\SUBRAT\.m2\repository\org\springframework\spring-beans\5.1.6.RELEASE\spring-beans-5.1.6.RELEASE.jar;C:\Users\SUBRAT\.m2\repository\org\springframework\spring-core\5.1.6.RELEASE\spring-core-5.1.6.RELEASE.jar;C:\Users\SUBRAT\.m2\repository\org\springframework\spring-jcl\5.1.6.RELEASE\spring-jcl-5.1.6.RELEASE.jar;C:\Users\SUBRAT\.m2\repository\org\springframework\spring-expression\5.1.6.RELEASE\spring-expression-5.1.6.RELEASE.jar;C:\Users\SUBRAT\.m2\repository\org\aspectj\aspectjweaver\1.9.3\aspectjweaver-1.9.3.jar;C:\Users\SUBRAT\.m2\repository\org\testng\testng\6.14.3\testng-6.14.3.jar;C:\Users\SUBRAT\.m2\repository\com\beust\jcommander\1.72\jcommander-1.72.jar;C:\Users\SUBRAT\.m2\repository\org\apache-extras\beanshell\bsh\2.0b6\bsh-2.0b6.jar;C:\Users\SUBRAT\.m2\repository\org\slf4j\slf4j-simple\1.7.28\slf4j-simple-1.7.28.jar;C:\Users\SUBRAT\.m2\repository\org\slf4j\slf4j-api\1.7.28\slf4j-api-1.7.28.jar;C:\Users\SUBRAT\.m2\repository\org\apache\commons\commons-lang3\3.9\commons-lang3-3.9.jar;C:\Users\SUBRAT\.m2\repository\commons-io\commons-io\2.6\commons-io-2.6.jar;C:\Users\SUBRAT\.m2\repository\commons-validator\commons-validator\1.6\commons-validator-1.6.jar;C:\Users\SUBRAT\.m2\repository\commons-beanutils\commons-beanutils\1.9.2\commons-beanutils-1.9.2.jar;C:\Users\SUBRAT\.m2\repository\commons-digester\commons-digester\1.8.1\commons-digester-1.8.1.jar;C:\Users\SUBRAT\.m2\repository\commons-logging\commons-logging\1.2\commons-logging-1.2.jar;C:\Users\SUBRAT\.m2\repository\commons-collections\commons-collections\3.2.2\commons-collections-3.2.2.jar;C:\Users\SUBRAT\.m2\repository\com\aventstack\extentreports\4.0.9\extentreports-4.0.9.jar;C:\Users\SUBRAT\.m2\repository\org\freemarker\freemarker\2.3.23\freemarker-2.3.23.jar;C:\Users\SUBRAT\.m2\repository\org\mongodb\mongodb-driver\3.3.0\mongodb-driver-3.3.0.jar;C:\Users\SUBRAT\.m2\repository\org\mongodb\mongodb-driver-core\3.3.0\mongodb-driver-core-3.3.0.jar;C:\Users\SUBRAT\.m2\repository\org\mongodb\bson\3.3.0\bson-3.3.0.jar;C:\Users\SUBRAT\.m2\repository\org\apache\httpcomponents\httpmime\4.5.2\httpmime-4.5.2.jar;"/>
    <property name="java.vm.vendor" value="Oracle Corporation"/>
    <property name="sun.arch.data.model" value="64"/>
    <property name="user.variant" value=""/>
    <property name="java.vendor.url" value="http://java.oracle.com/"/>
    <property name="user.timezone" value="Asia/Calcutta"/>
    <property name="java.vm.specification.version" value="1.8"/>
    <property name="os.name" value="Windows 10"/>
    <property name="user.country" value="IN"/>
    <property name="sun.java.launcher" value="SUN_STANDARD"/>
    <property name="sun.boot.library.path" value="C:\Program Files\Java\jdk1.8.0_211\jre\bin"/>
    <property name="sun.java.command" value="C:\Users\SUBRAT\AppData\Local\Temp\surefire1971176612938436253\surefirebooter6535670667828991551.jar C:\Users\SUBRAT\AppData\Local\Temp\surefire1971176612938436253 2019-08-28T22-41-33_519-jvmRun1 surefire6567758341816097314tmp surefire_09174720230093815522tmp"/>
    <property name="surefire.test.class.path" value="G:\Selenium Project\AppiumFramework\target\test-classes;G:\Selenium Project\AppiumFramework\target\classes;C:\Users\SUBRAT\.m2\repository\io\appium\java-client\7.1.0\java-client-7.1.0.jar;C:\Users\SUBRAT\.m2\repository\org\seleniumhq\selenium\selenium-java\4.0.0-alpha-1\selenium-java-4.0.0-alpha-1.jar;C:\Users\SUBRAT\.m2\repository\org\seleniumhq\selenium\selenium-chrome-driver\4.0.0-alpha-1\selenium-chrome-driver-4.0.0-alpha-1.jar;C:\Users\SUBRAT\.m2\repository\org\seleniumhq\selenium\selenium-edge-driver\4.0.0-alpha-1\selenium-edge-driver-4.0.0-alpha-1.jar;C:\Users\SUBRAT\.m2\repository\org\seleniumhq\selenium\selenium-firefox-xpi-driver\4.0.0-alpha-1\selenium-firefox-xpi-driver-4.0.0-alpha-1.jar;C:\Users\SUBRAT\.m2\repository\org\seleniumhq\selenium\selenium-firefox-driver\4.0.0-alpha-1\selenium-firefox-driver-4.0.0-alpha-1.jar;C:\Users\SUBRAT\.m2\repository\org\seleniumhq\selenium\selenium-ie-driver\4.0.0-alpha-1\selenium-ie-driver-4.0.0-alpha-1.jar;C:\Users\SUBRAT\.m2\repository\org\seleniumhq\selenium\selenium-opera-driver\4.0.0-alpha-1\selenium-opera-driver-4.0.0-alpha-1.jar;C:\Users\SUBRAT\.m2\repository\org\seleniumhq\selenium\selenium-safari-driver\4.0.0-alpha-1\selenium-safari-driver-4.0.0-alpha-1.jar;C:\Users\SUBRAT\.m2\repository\org\seleniumhq\selenium\selenium-support\4.0.0-alpha-1\selenium-support-4.0.0-alpha-1.jar;C:\Users\SUBRAT\.m2\repository\org\seleniumhq\selenium\selenium-remote-driver\4.0.0-alpha-1\selenium-remote-driver-4.0.0-alpha-1.jar;C:\Users\SUBRAT\.m2\repository\net\bytebuddy\byte-buddy\1.9.12\byte-buddy-1.9.12.jar;C:\Users\SUBRAT\.m2\repository\org\apache\commons\commons-exec\1.3\commons-exec-1.3.jar;C:\Users\SUBRAT\.m2\repository\com\google\guava\guava\27.1-jre\guava-27.1-jre.jar;C:\Users\SUBRAT\.m2\repository\com\google\guava\failureaccess\1.0.1\failureaccess-1.0.1.jar;C:\Users\SUBRAT\.m2\repository\com\google\guava\listenablefuture\9999.0-empty-to-avoid-conflict-with-guava\listenablefuture-9999.0-empty-to-avoid-conflict-with-guava.jar;C:\Users\SUBRAT\.m2\repository\com\google\code\findbugs\jsr305\3.0.2\jsr305-3.0.2.jar;C:\Users\SUBRAT\.m2\repository\org\checkerframework\checker-qual\2.5.2\checker-qual-2.5.2.jar;C:\Users\SUBRAT\.m2\repository\com\google\errorprone\error_prone_annotations\2.2.0\error_prone_annotations-2.2.0.jar;C:\Users\SUBRAT\.m2\repository\com\google\j2objc\j2objc-annotations\1.1\j2objc-annotations-1.1.jar;C:\Users\SUBRAT\.m2\repository\org\codehaus\mojo\animal-sniffer-annotations\1.17\animal-sniffer-annotations-1.17.jar;C:\Users\SUBRAT\.m2\repository\com\squareup\okhttp3\okhttp\3.14.0\okhttp-3.14.0.jar;C:\Users\SUBRAT\.m2\repository\com\squareup\okio\okio\1.17.2\okio-1.17.2.jar;C:\Users\SUBRAT\.m2\repository\org\seleniumhq\selenium\selenium-api\4.0.0-alpha-1\selenium-api-4.0.0-alpha-1.jar;C:\Users\SUBRAT\.m2\repository\com\google\code\gson\gson\2.8.5\gson-2.8.5.jar;C:\Users\SUBRAT\.m2\repository\org\apache\httpcomponents\httpclient\4.5.8\httpclient-4.5.8.jar;C:\Users\SUBRAT\.m2\repository\org\apache\httpcomponents\httpcore\4.4.11\httpcore-4.4.11.jar;C:\Users\SUBRAT\.m2\repository\commons-codec\commons-codec\1.11\commons-codec-1.11.jar;C:\Users\SUBRAT\.m2\repository\cglib\cglib\3.2.10\cglib-3.2.10.jar;C:\Users\SUBRAT\.m2\repository\org\ow2\asm\asm\7.0\asm-7.0.jar;C:\Users\SUBRAT\.m2\repository\org\apache\ant\ant\1.10.3\ant-1.10.3.jar;C:\Users\SUBRAT\.m2\repository\org\apache\ant\ant-launcher\1.10.3\ant-launcher-1.10.3.jar;C:\Users\SUBRAT\.m2\repository\org\springframework\spring-context\5.1.6.RELEASE\spring-context-5.1.6.RELEASE.jar;C:\Users\SUBRAT\.m2\repository\org\springframework\spring-aop\5.1.6.RELEASE\spring-aop-5.1.6.RELEASE.jar;C:\Users\SUBRAT\.m2\repository\org\springframework\spring-beans\5.1.6.RELEASE\spring-beans-5.1.6.RELEASE.jar;C:\Users\SUBRAT\.m2\repository\org\springframework\spring-core\5.1.6.RELEASE\spring-core-5.1.6.RELEASE.jar;C:\Users\SUBRAT\.m2\repository\org\springframework\spring-jcl\5.1.6.RELEASE\spring-jcl-5.1.6.RELEASE.jar;C:\Users\SUBRAT\.m2\repository\org\springframework\spring-expression\5.1.6.RELEASE\spring-expression-5.1.6.RELEASE.jar;C:\Users\SUBRAT\.m2\repository\org\aspectj\aspectjweaver\1.9.3\aspectjweaver-1.9.3.jar;C:\Users\SUBRAT\.m2\repository\org\testng\testng\6.14.3\testng-6.14.3.jar;C:\Users\SUBRAT\.m2\repository\com\beust\jcommander\1.72\jcommander-1.72.jar;C:\Users\SUBRAT\.m2\repository\org\apache-extras\beanshell\bsh\2.0b6\bsh-2.0b6.jar;C:\Users\SUBRAT\.m2\repository\org\slf4j\slf4j-simple\1.7.28\slf4j-simple-1.7.28.jar;C:\Users\SUBRAT\.m2\repository\org\slf4j\slf4j-api\1.7.28\slf4j-api-1.7.28.jar;C:\Users\SUBRAT\.m2\repository\org\apache\commons\commons-lang3\3.9\commons-lang3-3.9.jar;C:\Users\SUBRAT\.m2\repository\commons-io\commons-io\2.6\commons-io-2.6.jar;C:\Users\SUBRAT\.m2\repository\commons-validator\commons-validator\1.6\commons-validator-1.6.jar;C:\Users\SUBRAT\.m2\repository\commons-beanutils\commons-beanutils\1.9.2\commons-beanutils-1.9.2.jar;C:\Users\SUBRAT\.m2\repository\commons-digester\commons-digester\1.8.1\commons-digester-1.8.1.jar;C:\Users\SUBRAT\.m2\repository\commons-logging\commons-logging\1.2\commons-logging-1.2.jar;C:\Users\SUBRAT\.m2\repository\commons-collections\commons-collections\3.2.2\commons-collections-3.2.2.jar;C:\Users\SUBRAT\.m2\repository\com\aventstack\extentreports\4.0.9\extentreports-4.0.9.jar;C:\Users\SUBRAT\.m2\repository\org\freemarker\freemarker\2.3.23\freemarker-2.3.23.jar;C:\Users\SUBRAT\.m2\repository\org\mongodb\mongodb-driver\3.3.0\mongodb-driver-3.3.0.jar;C:\Users\SUBRAT\.m2\repository\org\mongodb\mongodb-driver-core\3.3.0\mongodb-driver-core-3.3.0.jar;C:\Users\SUBRAT\.m2\repository\org\mongodb\bson\3.3.0\bson-3.3.0.jar;C:\Users\SUBRAT\.m2\repository\org\apache\httpcomponents\httpmime\4.5.2\httpmime-4.5.2.jar;"/>
    <property name="sun.cpu.endian" value="little"/>
    <property name="user.home" value="C:\Users\SUBRAT"/>
    <property name="user.language" value="en"/>
    <property name="java.specification.vendor" value="Oracle Corporation"/>
    <property name="java.home" value="C:\Program Files\Java\jdk1.8.0_211\jre"/>
    <property name="basedir" value="G:\Selenium Project\AppiumFramework"/>
    <property name="file.separator" value="\"/>
    <property name="line.separator" value="&#10;"/>
    <property name="java.vm.specification.vendor" value="Oracle Corporation"/>
    <property name="java.specification.name" value="Java Platform API Specification"/>
    <property name="java.awt.graphicsenv" value="sun.awt.Win32GraphicsEnvironment"/>
    <property name="surefire.real.class.path" value="C:\Users\SUBRAT\AppData\Local\Temp\surefire1971176612938436253\surefirebooter6535670667828991551.jar"/>
    <property name="sun.boot.class.path" value="C:\Program Files\Java\jdk1.8.0_211\jre\lib\resources.jar;C:\Program Files\Java\jdk1.8.0_211\jre\lib\rt.jar;C:\Program Files\Java\jdk1.8.0_211\jre\lib\sunrsasign.jar;C:\Program Files\Java\jdk1.8.0_211\jre\lib\jsse.jar;C:\Program Files\Java\jdk1.8.0_211\jre\lib\jce.jar;C:\Program Files\Java\jdk1.8.0_211\jre\lib\charsets.jar;C:\Program Files\Java\jdk1.8.0_211\jre\lib\jfr.jar;C:\Program Files\Java\jdk1.8.0_211\jre\classes"/>
    <property name="user.script" value=""/>
    <property name="sun.management.compiler" value="HotSpot 64-Bit Tiered Compilers"/>
    <property name="java.runtime.version" value="1.8.0_211-b12"/>
    <property name="user.name" value="SUBRAT"/>
    <property name="path.separator" value=";"/>
    <property name="os.version" value="10.0"/>
    <property name="java.endorsed.dirs" value="C:\Program Files\Java\jdk1.8.0_211\jre\lib\endorsed"/>
    <property name="java.runtime.name" value="Java(TM) SE Runtime Environment"/>
    <property name="file.encoding" value="Cp1252"/>
    <property name="java.vm.name" value="Java HotSpot(TM) 64-Bit Server VM"/>
    <property name="localRepository" value="C:\Users\SUBRAT\.m2\repository"/>
    <property name="java.vendor.url.bug" value="http://bugreport.sun.com/bugreport/"/>
    <property name="java.io.tmpdir" value="C:\Users\SUBRAT\AppData\Local\Temp\"/>
    <property name="java.version" value="1.8.0_211"/>
    <property name="user.dir" value="G:\Selenium Project\AppiumFramework"/>
    <property name="os.arch" value="amd64"/>
    <property name="java.vm.specification.name" value="Java Virtual Machine Specification"/>
    <property name="java.awt.printerjob" value="sun.awt.windows.WPrinterJob"/>
    <property name="sun.os.patch.level" value=""/>
    <property name="java.library.path" value="C:\Program Files\Java\jdk1.8.0_211\jre\bin;C:\Windows\Sun\Java\bin;C:\Windows\system32;C:\Windows;G:\Selenium Project\Maven\apache-maven-3.6.1/bin;C:\Program Files\Java\jdk1.8.0_211/bin;C:\Program Files\Java\jdk1.8.0_211/bin;C:\Program Files (x86)\Common Files\Oracle\Java\javapath;C:\Windows\system32;C:\Windows;C:\Windows\System32\Wbem;C:\Windows\System32\WindowsPowerShell\v1.0\;C:\Windows\System32\OpenSSH\;C:\Program Files\Java\jdk1.8.0_211\bin;C:\Users\SUBRAT\AppData\Local\Android\Sdk\tools\bin;C:\Users\SUBRAT\AppData\Local\Android\Sdk\tools;C:\Users\SUBRAT\AppData\Local\Android\Sdk\platform-tools;C:\Program Files\nodejs\;C:\Program Files\nodejs\node_modules\npm\bin;C:\Users\SUBRAT\AppData\Local\Android\Sdk\platform-tools;C:\Users\SUBRAT\AppData\Local\Android\Sdk\tools;C:\Users\SUBRAT\AppData\Local\Android\Sdk\tools\bin;G:\Selenium Project\Maven\apache-maven-3.6.1\bin;C:\Users\SUBRAT\AppData\Local\Microsoft\WindowsApps;C:\Users\SUBRAT\AppData\Roaming\npm;."/>
    <property name="java.vm.info" value="mixed mode"/>
    <property name="java.vendor" value="Oracle Corporation"/>
    <property name="java.vm.version" value="25.211-b12"/>
    <property name="java.ext.dirs" value="C:\Program Files\Java\jdk1.8.0_211\jre\lib\ext;C:\Windows\Sun\Java\lib\ext"/>
    <property name="sun.io.unicode.encoding" value="UnicodeLittle"/>
    <property name="java.class.version" value="52.0"/>
  </properties>
  <testcase name="totalValidation" classname="practice.AppiumFramework.ecommerce_tc_4" time="40.193"/>
  <testcase name="apiDemo" classname="practice.AppiumFramework.ApiDemoTest" time="28.108"/>
  <testcase name="apiDemo" classname="practice.AppiumFramework.ApiDemoTest" time="28.625"/>
  <testcase name="apiDemo" classname="practice.AppiumFramework.ApiDemoTest" time="28.132"/>
</testsuite>