<?xml version="1.0" encoding="UTF-8"?>
<!-- Generated by org.testng.reporters.JUnitReportReporter -->
<testsuite skipped="0" hostname="DESKTOP-ANR6LII" name="practice.AppiumFramework.callingNo" tests="1" failures="0" timestamp="15 Jan 2020 12:21:36 GMT" time="31.814" errors="0">
  <testcase name="callingNo" time="31.814" classname="practice.AppiumFramework.callingNo"/>
</testsuite> <!-- practice.AppiumFramework.callingNo -->
