<?xml version="1.0" encoding="UTF-8"?>
<!-- Generated by org.testng.reporters.JUnitReportReporter -->
<testsuite hostname="DESKTOP-ANR6LII" failures="0" tests="1" name="practice.AppiumFramework.ecommerce_tc_4" time="55.129" errors="0" timestamp="12 Nov 2019 17:04:30 GMT" skipped="0">
  <testcase classname="practice.AppiumFramework.ecommerce_tc_4" name="totalValidation" time="55.129"/>
</testsuite> <!-- practice.AppiumFramework.ecommerce_tc_4 -->
