<?xml version="1.0" encoding="UTF-8"?>
<!-- Generated by org.testng.reporters.JUnitReportReporter -->
<testsuite skipped="0" hostname="DESKTOP-ANR6LII" name="practice.AppiumFramework.ApiDemoTest" tests="3" failures="0" timestamp="09 Jan 2020 18:05:30 GMT" time="3.517" errors="3">
  <testcase name="apiDemo" time="1.699" classname="practice.AppiumFramework.ApiDemoTest">
    <error type="org.openqa.selenium.SessionNotCreatedException" message="Unable to create a new remote session. Please check the server log for more details. Original error: An unknown server-side error occurred while processing the command. Original error: Error executing adbExec. Original error: &#039;Command &#039;C\:\\Users\\SUBRAT\\AppData\\Local\\Android\\Sdk\\platform-tools\\adb.exe -P 5037 -s GYUGSOMFHAQWQONN shell settings delete global hidden_api_policy_pre_p_apps&#039; exited with code 255&#039;; Stderr: &#039;Security exception: Permission denial: writing to settings requires:android.permission.WRITE_SECURE_SETTINGS

java.lang.SecurityException: Permission denial: writing to settings requires:android.permission.WRITE_SECURE_SETTINGS
	at com.android.providers.settings.SettingsProvider.enforceWritePermission(SettingsProvider.java:2028)
	at com.android.providers.settings.SettingsProvider.mutateGlobalSetting(SettingsProvider.java:1093)
	at com.android.providers.settings.SettingsProvider.deleteGlobalSetting(SettingsProvider.java:1076)
	at com.android.providers.settings.SettingsProvider.delete(SettingsProvider.java:666)
	at android.content.ContentProvider$Transport.delete(ContentProvider.java:404)
	at com.android.providers.settings.SettingsService$MyShellCommand.deleteForUser(SettingsService.java:406)
	at com.android.providers.settings.SettingsService$MyShellCommand.onCommand(SettingsService.java:289)
	at android.os.ShellCommand.exec(ShellCommand.java:103)
	at com.android.providers.settings.SettingsService.onShellCommand(SettingsService.java:51)
	at android.os.Binder.shellCommand(Binder.java:634)
	at android.os.Binder.onTransact(Binder.java:532)
	at android.os.Binder.execTransact(Binder.java:731)&#039;; Code: &#039;255&#039;
Build info: version: &#039;4.0.0-alpha-1&#039;, revision: &#039;d1d3728cae&#039;, time: &#039;2019-04-24T13:42:21&#039;
System info: host: &#039;DESKTOP-ANR6LII&#039;, ip: &#039;192.168.43.34&#039;, os.name: &#039;Windows 10&#039;, os.arch: &#039;amd64&#039;, os.version: &#039;10.0&#039;, java.version: &#039;1.8.0_211&#039;
Driver info: driver.version: AndroidDriver
remote stacktrace: UnknownError: An unknown server-side error occurred while processing the command. Original error: Error executing adbExec. Original error: &#039;Command &#039;C\:\\Users\\SUBRAT\\AppData\\Local\\Android\\Sdk\\platform-tools\\adb.exe -P 5037 -s GYUGSOMFHAQWQONN shell settings delete global hidden_api_policy_pre_p_apps&#039; exited with code 255&#039;; Stderr: &#039;Security exception: Permission denial: writing to settings requires:android.permission.WRITE_SECURE_SETTINGS

java.lang.SecurityException: Permission denial: writing to settings requires:android.permission.WRITE_SECURE_SETTINGS
	at com.android.providers.settings.SettingsProvider.enforceWritePermission(SettingsProvider.java:2028)
	at com.android.providers.settings.SettingsProvider.mutateGlobalSetting(SettingsProvider.java:1093)
	at com.android.providers.settings.SettingsProvider.deleteGlobalSetting(SettingsProvider.java:1076)
	at com.android.providers.settings.SettingsProvider.delete(SettingsProvider.java:666)
	at android.content.ContentProvider$Transport.delete(ContentProvider.java:404)
	at com.android.providers.settings.SettingsService$MyShellCommand.deleteForUser(SettingsService.java:406)
	at com.android.providers.settings.SettingsService$MyShellCommand.onCommand(SettingsService.java:289)
	at android.os.ShellCommand.exec(ShellCommand.java:103)
	at com.android.providers.settings.SettingsService.onShellCommand(SettingsService.java:51)
	at android.os.Binder.shellCommand(Binder.java:634)
	at android.os.Binder.onTransact(Binder.java:532)
	at android.os.Binder.execTransact(Binder.java:731)&#039;; Code: &#039;255&#039;
    at getResponseForW3CError (C:\Users\SUBRAT\AppData\Roaming\npm\node_modules\appium\node_modules\appium-base-driver\lib\protocol\errors.js:826:9)
    at asyncHandler (C:\Users\SUBRAT\AppData\Roaming\npm\node_modules\appium\node_modules\appium-base-driver\lib\protocol\protocol.js:447:37)
Build info: version: &#039;4.0.0-alpha-1&#039;, revision: &#039;d1d3728cae&#039;, time: &#039;2019-04-24T13:42:21&#039;
System info: host: &#039;DESKTOP-ANR6LII&#039;, ip: &#039;192.168.43.34&#039;, os.name: &#039;Windows 10&#039;, os.arch: &#039;amd64&#039;, os.version: &#039;10.0&#039;, java.version: &#039;1.8.0_211&#039;
Driver info: driver.version: AndroidDriver">
      <![CDATA[org.openqa.selenium.SessionNotCreatedException: Unable to create a new remote session. Please check the server log for more details. Original error: An unknown server-side error occurred while processing the command. Original error: Error executing adbExec. Original error: 'Command 'C\:\\Users\\SUBRAT\\AppData\\Local\\Android\\Sdk\\platform-tools\\adb.exe -P 5037 -s GYUGSOMFHAQWQONN shell settings delete global hidden_api_policy_pre_p_apps' exited with code 255'; Stderr: 'Security exception: Permission denial: writing to settings requires:android.permission.WRITE_SECURE_SETTINGS

java.lang.SecurityException: Permission denial: writing to settings requires:android.permission.WRITE_SECURE_SETTINGS
at com.android.providers.settings.SettingsProvider.enforceWritePermission(SettingsProvider.java:2028)
at com.android.providers.settings.SettingsProvider.mutateGlobalSetting(SettingsProvider.java:1093)
at com.android.providers.settings.SettingsProvider.deleteGlobalSetting(SettingsProvider.java:1076)
at com.android.providers.settings.SettingsProvider.delete(SettingsProvider.java:666)
at android.content.ContentProvider$Transport.delete(ContentProvider.java:404)
at com.android.providers.settings.SettingsService$MyShellCommand.deleteForUser(SettingsService.java:406)
at com.android.providers.settings.SettingsService$MyShellCommand.onCommand(SettingsService.java:289)
at android.os.ShellCommand.exec(ShellCommand.java:103)
at com.android.providers.settings.SettingsService.onShellCommand(SettingsService.java:51)
at android.os.Binder.shellCommand(Binder.java:634)
at android.os.Binder.onTransact(Binder.java:532)
at android.os.Binder.execTransact(Binder.java:731)'; Code: '255'
Build info: version: '4.0.0-alpha-1', revision: 'd1d3728cae', time: '2019-04-24T13:42:21'
System info: host: 'DESKTOP-ANR6LII', ip: '192.168.43.34', os.name: 'Windows 10', os.arch: 'amd64', os.version: '10.0', java.version: '1.8.0_211'
Driver info: driver.version: AndroidDriver
remote stacktrace: UnknownError: An unknown server-side error occurred while processing the command. Original error: Error executing adbExec. Original error: 'Command 'C\:\\Users\\SUBRAT\\AppData\\Local\\Android\\Sdk\\platform-tools\\adb.exe -P 5037 -s GYUGSOMFHAQWQONN shell settings delete global hidden_api_policy_pre_p_apps' exited with code 255'; Stderr: 'Security exception: Permission denial: writing to settings requires:android.permission.WRITE_SECURE_SETTINGS

java.lang.SecurityException: Permission denial: writing to settings requires:android.permission.WRITE_SECURE_SETTINGS
at com.android.providers.settings.SettingsProvider.enforceWritePermission(SettingsProvider.java:2028)
at com.android.providers.settings.SettingsProvider.mutateGlobalSetting(SettingsProvider.java:1093)
at com.android.providers.settings.SettingsProvider.deleteGlobalSetting(SettingsProvider.java:1076)
at com.android.providers.settings.SettingsProvider.delete(SettingsProvider.java:666)
at android.content.ContentProvider$Transport.delete(ContentProvider.java:404)
at com.android.providers.settings.SettingsService$MyShellCommand.deleteForUser(SettingsService.java:406)
at com.android.providers.settings.SettingsService$MyShellCommand.onCommand(SettingsService.java:289)
at android.os.ShellCommand.exec(ShellCommand.java:103)
at com.android.providers.settings.SettingsService.onShellCommand(SettingsService.java:51)
at android.os.Binder.shellCommand(Binder.java:634)
at android.os.Binder.onTransact(Binder.java:532)
at android.os.Binder.execTransact(Binder.java:731)'; Code: '255'
    at getResponseForW3CError (C:\Users\SUBRAT\AppData\Roaming\npm\node_modules\appium\node_modules\appium-base-driver\lib\protocol\errors.js:826:9)
    at asyncHandler (C:\Users\SUBRAT\AppData\Roaming\npm\node_modules\appium\node_modules\appium-base-driver\lib\protocol\protocol.js:447:37)
Build info: version: '4.0.0-alpha-1', revision: 'd1d3728cae', time: '2019-04-24T13:42:21'
System info: host: 'DESKTOP-ANR6LII', ip: '192.168.43.34', os.name: 'Windows 10', os.arch: 'amd64', os.version: '10.0', java.version: '1.8.0_211'
Driver info: driver.version: AndroidDriver
at io.appium.java_client.remote.AppiumCommandExecutor$1.createSession(AppiumCommandExecutor.java:208)
at io.appium.java_client.remote.AppiumCommandExecutor.createSession(AppiumCommandExecutor.java:217)
at io.appium.java_client.remote.AppiumCommandExecutor.execute(AppiumCommandExecutor.java:239)
at org.openqa.selenium.remote.RemoteWebDriver.execute(RemoteWebDriver.java:577)
at org.openqa.selenium.remote.RemoteWebDriver.startSession(RemoteWebDriver.java:211)
at io.appium.java_client.AppiumDriver.startSession(AppiumDriver.java:323)
at org.openqa.selenium.remote.RemoteWebDriver.<init>(RemoteWebDriver.java:131)
at io.appium.java_client.DefaultGenericMobileDriver.<init>(DefaultGenericMobileDriver.java:37)
at io.appium.java_client.AppiumDriver.<init>(AppiumDriver.java:86)
at io.appium.java_client.AppiumDriver.<init>(AppiumDriver.java:96)
at io.appium.java_client.android.AndroidDriver.<init>(AndroidDriver.java:94)
at practice.AppiumFramework.base_function.Capabilities(base_function.java:89)
at practice.AppiumFramework.ApiDemoTest.apiDemo(ApiDemoTest.java:27)
at sun.reflect.NativeMethodAccessorImpl.invoke0(Native Method)
at sun.reflect.NativeMethodAccessorImpl.invoke(Unknown Source)
at sun.reflect.DelegatingMethodAccessorImpl.invoke(Unknown Source)
at java.lang.reflect.Method.invoke(Unknown Source)
at org.testng.internal.MethodInvocationHelper.invokeMethod(MethodInvocationHelper.java:124)
at org.testng.internal.Invoker.invokeMethod(Invoker.java:583)
at org.testng.internal.Invoker.invokeTestMethod(Invoker.java:719)
at org.testng.internal.Invoker.invokeTestMethods(Invoker.java:989)
at org.testng.internal.TestMethodWorker.invokeTestMethods(TestMethodWorker.java:125)
at org.testng.internal.TestMethodWorker.run(TestMethodWorker.java:109)
at org.testng.TestRunner.privateRun(TestRunner.java:648)
at org.testng.TestRunner.run(TestRunner.java:505)
at org.testng.SuiteRunner.runTest(SuiteRunner.java:455)
at org.testng.SuiteRunner.runSequentially(SuiteRunner.java:450)
at org.testng.SuiteRunner.privateRun(SuiteRunner.java:415)
at org.testng.SuiteRunner.run(SuiteRunner.java:364)
at org.testng.SuiteRunnerWorker.runSuite(SuiteRunnerWorker.java:52)
at org.testng.SuiteRunnerWorker.run(SuiteRunnerWorker.java:84)
at org.testng.TestNG.runSuitesSequentially(TestNG.java:1208)
at org.testng.TestNG.runSuitesLocally(TestNG.java:1137)
at org.testng.TestNG.runSuites(TestNG.java:1049)
at org.testng.TestNG.run(TestNG.java:1017)
at org.testng.remote.AbstractRemoteTestNG.run(AbstractRemoteTestNG.java:114)
at org.testng.remote.RemoteTestNG.initAndRun(RemoteTestNG.java:251)
at org.testng.remote.RemoteTestNG.main(RemoteTestNG.java:77)
Caused by: java.lang.reflect.InvocationTargetException
at sun.reflect.NativeMethodAccessorImpl.invoke0(Native Method)
at sun.reflect.NativeMethodAccessorImpl.invoke(Unknown Source)
at sun.reflect.DelegatingMethodAccessorImpl.invoke(Unknown Source)
at java.lang.reflect.Method.invoke(Unknown Source)
at io.appium.java_client.remote.AppiumCommandExecutor$1.createSession(AppiumCommandExecutor.java:186)
... 37 more
Caused by: org.openqa.selenium.WebDriverException: An unknown server-side error occurred while processing the command. Original error: Error executing adbExec. Original error: 'Command 'C\:\\Users\\SUBRAT\\AppData\\Local\\Android\\Sdk\\platform-tools\\adb.exe -P 5037 -s GYUGSOMFHAQWQONN shell settings delete global hidden_api_policy_pre_p_apps' exited with code 255'; Stderr: 'Security exception: Permission denial: writing to settings requires:android.permission.WRITE_SECURE_SETTINGS

java.lang.SecurityException: Permission denial: writing to settings requires:android.permission.WRITE_SECURE_SETTINGS
at com.android.providers.settings.SettingsProvider.enforceWritePermission(SettingsProvider.java:2028)
at com.android.providers.settings.SettingsProvider.mutateGlobalSetting(SettingsProvider.java:1093)
at com.android.providers.settings.SettingsProvider.deleteGlobalSetting(SettingsProvider.java:1076)
at com.android.providers.settings.SettingsProvider.delete(SettingsProvider.java:666)
at android.content.ContentProvider$Transport.delete(ContentProvider.java:404)
at com.android.providers.settings.SettingsService$MyShellCommand.deleteForUser(SettingsService.java:406)
at com.android.providers.settings.SettingsService$MyShellCommand.onCommand(SettingsService.java:289)
at android.os.ShellCommand.exec(ShellCommand.java:103)
at com.android.providers.settings.SettingsService.onShellCommand(SettingsService.java:51)
at android.os.Binder.shellCommand(Binder.java:634)
at android.os.Binder.onTransact(Binder.java:532)
at android.os.Binder.execTransact(Binder.java:731)'; Code: '255'
Build info: version: '4.0.0-alpha-1', revision: 'd1d3728cae', time: '2019-04-24T13:42:21'
System info: host: 'DESKTOP-ANR6LII', ip: '192.168.43.34', os.name: 'Windows 10', os.arch: 'amd64', os.version: '10.0', java.version: '1.8.0_211'
Driver info: driver.version: AndroidDriver
remote stacktrace: UnknownError: An unknown server-side error occurred while processing the command. Original error: Error executing adbExec. Original error: 'Command 'C\:\\Users\\SUBRAT\\AppData\\Local\\Android\\Sdk\\platform-tools\\adb.exe -P 5037 -s GYUGSOMFHAQWQONN shell settings delete global hidden_api_policy_pre_p_apps' exited with code 255'; Stderr: 'Security exception: Permission denial: writing to settings requires:android.permission.WRITE_SECURE_SETTINGS

java.lang.SecurityException: Permission denial: writing to settings requires:android.permission.WRITE_SECURE_SETTINGS
at com.android.providers.settings.SettingsProvider.enforceWritePermission(SettingsProvider.java:2028)
at com.android.providers.settings.SettingsProvider.mutateGlobalSetting(SettingsProvider.java:1093)
at com.android.providers.settings.SettingsProvider.deleteGlobalSetting(SettingsProvider.java:1076)
at com.android.providers.settings.SettingsProvider.delete(SettingsProvider.java:666)
at android.content.ContentProvider$Transport.delete(ContentProvider.java:404)
at com.android.providers.settings.SettingsService$MyShellCommand.deleteForUser(SettingsService.java:406)
at com.android.providers.settings.SettingsService$MyShellCommand.onCommand(SettingsService.java:289)
at android.os.ShellCommand.exec(ShellCommand.java:103)
at com.android.providers.settings.SettingsService.onShellCommand(SettingsService.java:51)
at android.os.Binder.shellCommand(Binder.java:634)
at android.os.Binder.onTransact(Binder.java:532)
at android.os.Binder.execTransact(Binder.java:731)'; Code: '255'
    at getResponseForW3CError (C:\Users\SUBRAT\AppData\Roaming\npm\node_modules\appium\node_modules\appium-base-driver\lib\protocol\errors.js:826:9)
    at asyncHandler (C:\Users\SUBRAT\AppData\Roaming\npm\node_modules\appium\node_modules\appium-base-driver\lib\protocol\protocol.js:447:37)
at sun.reflect.NativeConstructorAccessorImpl.newInstance0(Native Method)
at sun.reflect.NativeConstructorAccessorImpl.newInstance(Unknown Source)
at sun.reflect.DelegatingConstructorAccessorImpl.newInstance(Unknown Source)
at java.lang.reflect.Constructor.newInstance(Unknown Source)
at org.openqa.selenium.remote.W3CHandshakeResponse.lambda$errorHandler$0(W3CHandshakeResponse.java:62)
at org.openqa.selenium.remote.HandshakeResponse.lambda$getResponseFunction$0(HandshakeResponse.java:30)
at org.openqa.selenium.remote.ProtocolHandshake.lambda$createSession$0(ProtocolHandshake.java:126)
at java.util.stream.ReferencePipeline$3$1.accept(Unknown Source)
at java.util.Spliterators$ArraySpliterator.tryAdvance(Unknown Source)
at java.util.stream.ReferencePipeline.forEachWithCancel(Unknown Source)
at java.util.stream.AbstractPipeline.copyIntoWithCancel(Unknown Source)
at java.util.stream.AbstractPipeline.copyInto(Unknown Source)
at java.util.stream.AbstractPipeline.wrapAndCopyInto(Unknown Source)
at java.util.stream.FindOps$FindOp.evaluateSequential(Unknown Source)
at java.util.stream.AbstractPipeline.evaluate(Unknown Source)
at java.util.stream.ReferencePipeline.findFirst(Unknown Source)
at org.openqa.selenium.remote.ProtocolHandshake.createSession(ProtocolHandshake.java:128)
... 42 more
]]>
    </error>
  </testcase> <!-- apiDemo -->
  <testcase name="apiDemo" time="0.934" classname="practice.AppiumFramework.ApiDemoTest">
    <error type="org.openqa.selenium.SessionNotCreatedException" message="Unable to create a new remote session. Please check the server log for more details. Original error: An unknown server-side error occurred while processing the command. Original error: Error executing adbExec. Original error: &#039;Command &#039;C\:\\Users\\SUBRAT\\AppData\\Local\\Android\\Sdk\\platform-tools\\adb.exe -P 5037 -s GYUGSOMFHAQWQONN shell settings delete global hidden_api_policy_pre_p_apps&#039; exited with code 255&#039;; Stderr: &#039;Security exception: Permission denial: writing to settings requires:android.permission.WRITE_SECURE_SETTINGS

java.lang.SecurityException: Permission denial: writing to settings requires:android.permission.WRITE_SECURE_SETTINGS
	at com.android.providers.settings.SettingsProvider.enforceWritePermission(SettingsProvider.java:2028)
	at com.android.providers.settings.SettingsProvider.mutateGlobalSetting(SettingsProvider.java:1093)
	at com.android.providers.settings.SettingsProvider.deleteGlobalSetting(SettingsProvider.java:1076)
	at com.android.providers.settings.SettingsProvider.delete(SettingsProvider.java:666)
	at android.content.ContentProvider$Transport.delete(ContentProvider.java:404)
	at com.android.providers.settings.SettingsService$MyShellCommand.deleteForUser(SettingsService.java:406)
	at com.android.providers.settings.SettingsService$MyShellCommand.onCommand(SettingsService.java:289)
	at android.os.ShellCommand.exec(ShellCommand.java:103)
	at com.android.providers.settings.SettingsService.onShellCommand(SettingsService.java:51)
	at android.os.Binder.shellCommand(Binder.java:634)
	at android.os.Binder.onTransact(Binder.java:532)
	at android.os.Binder.execTransact(Binder.java:731)&#039;; Code: &#039;255&#039;
Build info: version: &#039;4.0.0-alpha-1&#039;, revision: &#039;d1d3728cae&#039;, time: &#039;2019-04-24T13:42:21&#039;
System info: host: &#039;DESKTOP-ANR6LII&#039;, ip: &#039;192.168.43.34&#039;, os.name: &#039;Windows 10&#039;, os.arch: &#039;amd64&#039;, os.version: &#039;10.0&#039;, java.version: &#039;1.8.0_211&#039;
Driver info: driver.version: AndroidDriver
remote stacktrace: UnknownError: An unknown server-side error occurred while processing the command. Original error: Error executing adbExec. Original error: &#039;Command &#039;C\:\\Users\\SUBRAT\\AppData\\Local\\Android\\Sdk\\platform-tools\\adb.exe -P 5037 -s GYUGSOMFHAQWQONN shell settings delete global hidden_api_policy_pre_p_apps&#039; exited with code 255&#039;; Stderr: &#039;Security exception: Permission denial: writing to settings requires:android.permission.WRITE_SECURE_SETTINGS

java.lang.SecurityException: Permission denial: writing to settings requires:android.permission.WRITE_SECURE_SETTINGS
	at com.android.providers.settings.SettingsProvider.enforceWritePermission(SettingsProvider.java:2028)
	at com.android.providers.settings.SettingsProvider.mutateGlobalSetting(SettingsProvider.java:1093)
	at com.android.providers.settings.SettingsProvider.deleteGlobalSetting(SettingsProvider.java:1076)
	at com.android.providers.settings.SettingsProvider.delete(SettingsProvider.java:666)
	at android.content.ContentProvider$Transport.delete(ContentProvider.java:404)
	at com.android.providers.settings.SettingsService$MyShellCommand.deleteForUser(SettingsService.java:406)
	at com.android.providers.settings.SettingsService$MyShellCommand.onCommand(SettingsService.java:289)
	at android.os.ShellCommand.exec(ShellCommand.java:103)
	at com.android.providers.settings.SettingsService.onShellCommand(SettingsService.java:51)
	at android.os.Binder.shellCommand(Binder.java:634)
	at android.os.Binder.onTransact(Binder.java:532)
	at android.os.Binder.execTransact(Binder.java:731)&#039;; Code: &#039;255&#039;
    at getResponseForW3CError (C:\Users\SUBRAT\AppData\Roaming\npm\node_modules\appium\node_modules\appium-base-driver\lib\protocol\errors.js:826:9)
    at asyncHandler (C:\Users\SUBRAT\AppData\Roaming\npm\node_modules\appium\node_modules\appium-base-driver\lib\protocol\protocol.js:447:37)
Build info: version: &#039;4.0.0-alpha-1&#039;, revision: &#039;d1d3728cae&#039;, time: &#039;2019-04-24T13:42:21&#039;
System info: host: &#039;DESKTOP-ANR6LII&#039;, ip: &#039;192.168.43.34&#039;, os.name: &#039;Windows 10&#039;, os.arch: &#039;amd64&#039;, os.version: &#039;10.0&#039;, java.version: &#039;1.8.0_211&#039;
Driver info: driver.version: AndroidDriver">
      <![CDATA[org.openqa.selenium.SessionNotCreatedException: Unable to create a new remote session. Please check the server log for more details. Original error: An unknown server-side error occurred while processing the command. Original error: Error executing adbExec. Original error: 'Command 'C\:\\Users\\SUBRAT\\AppData\\Local\\Android\\Sdk\\platform-tools\\adb.exe -P 5037 -s GYUGSOMFHAQWQONN shell settings delete global hidden_api_policy_pre_p_apps' exited with code 255'; Stderr: 'Security exception: Permission denial: writing to settings requires:android.permission.WRITE_SECURE_SETTINGS

java.lang.SecurityException: Permission denial: writing to settings requires:android.permission.WRITE_SECURE_SETTINGS
at com.android.providers.settings.SettingsProvider.enforceWritePermission(SettingsProvider.java:2028)
at com.android.providers.settings.SettingsProvider.mutateGlobalSetting(SettingsProvider.java:1093)
at com.android.providers.settings.SettingsProvider.deleteGlobalSetting(SettingsProvider.java:1076)
at com.android.providers.settings.SettingsProvider.delete(SettingsProvider.java:666)
at android.content.ContentProvider$Transport.delete(ContentProvider.java:404)
at com.android.providers.settings.SettingsService$MyShellCommand.deleteForUser(SettingsService.java:406)
at com.android.providers.settings.SettingsService$MyShellCommand.onCommand(SettingsService.java:289)
at android.os.ShellCommand.exec(ShellCommand.java:103)
at com.android.providers.settings.SettingsService.onShellCommand(SettingsService.java:51)
at android.os.Binder.shellCommand(Binder.java:634)
at android.os.Binder.onTransact(Binder.java:532)
at android.os.Binder.execTransact(Binder.java:731)'; Code: '255'
Build info: version: '4.0.0-alpha-1', revision: 'd1d3728cae', time: '2019-04-24T13:42:21'
System info: host: 'DESKTOP-ANR6LII', ip: '192.168.43.34', os.name: 'Windows 10', os.arch: 'amd64', os.version: '10.0', java.version: '1.8.0_211'
Driver info: driver.version: AndroidDriver
remote stacktrace: UnknownError: An unknown server-side error occurred while processing the command. Original error: Error executing adbExec. Original error: 'Command 'C\:\\Users\\SUBRAT\\AppData\\Local\\Android\\Sdk\\platform-tools\\adb.exe -P 5037 -s GYUGSOMFHAQWQONN shell settings delete global hidden_api_policy_pre_p_apps' exited with code 255'; Stderr: 'Security exception: Permission denial: writing to settings requires:android.permission.WRITE_SECURE_SETTINGS

java.lang.SecurityException: Permission denial: writing to settings requires:android.permission.WRITE_SECURE_SETTINGS
at com.android.providers.settings.SettingsProvider.enforceWritePermission(SettingsProvider.java:2028)
at com.android.providers.settings.SettingsProvider.mutateGlobalSetting(SettingsProvider.java:1093)
at com.android.providers.settings.SettingsProvider.deleteGlobalSetting(SettingsProvider.java:1076)
at com.android.providers.settings.SettingsProvider.delete(SettingsProvider.java:666)
at android.content.ContentProvider$Transport.delete(ContentProvider.java:404)
at com.android.providers.settings.SettingsService$MyShellCommand.deleteForUser(SettingsService.java:406)
at com.android.providers.settings.SettingsService$MyShellCommand.onCommand(SettingsService.java:289)
at android.os.ShellCommand.exec(ShellCommand.java:103)
at com.android.providers.settings.SettingsService.onShellCommand(SettingsService.java:51)
at android.os.Binder.shellCommand(Binder.java:634)
at android.os.Binder.onTransact(Binder.java:532)
at android.os.Binder.execTransact(Binder.java:731)'; Code: '255'
    at getResponseForW3CError (C:\Users\SUBRAT\AppData\Roaming\npm\node_modules\appium\node_modules\appium-base-driver\lib\protocol\errors.js:826:9)
    at asyncHandler (C:\Users\SUBRAT\AppData\Roaming\npm\node_modules\appium\node_modules\appium-base-driver\lib\protocol\protocol.js:447:37)
Build info: version: '4.0.0-alpha-1', revision: 'd1d3728cae', time: '2019-04-24T13:42:21'
System info: host: 'DESKTOP-ANR6LII', ip: '192.168.43.34', os.name: 'Windows 10', os.arch: 'amd64', os.version: '10.0', java.version: '1.8.0_211'
Driver info: driver.version: AndroidDriver
at io.appium.java_client.remote.AppiumCommandExecutor$1.createSession(AppiumCommandExecutor.java:208)
at io.appium.java_client.remote.AppiumCommandExecutor.createSession(AppiumCommandExecutor.java:217)
at io.appium.java_client.remote.AppiumCommandExecutor.execute(AppiumCommandExecutor.java:239)
at org.openqa.selenium.remote.RemoteWebDriver.execute(RemoteWebDriver.java:577)
at org.openqa.selenium.remote.RemoteWebDriver.startSession(RemoteWebDriver.java:211)
at io.appium.java_client.AppiumDriver.startSession(AppiumDriver.java:323)
at org.openqa.selenium.remote.RemoteWebDriver.<init>(RemoteWebDriver.java:131)
at io.appium.java_client.DefaultGenericMobileDriver.<init>(DefaultGenericMobileDriver.java:37)
at io.appium.java_client.AppiumDriver.<init>(AppiumDriver.java:86)
at io.appium.java_client.AppiumDriver.<init>(AppiumDriver.java:96)
at io.appium.java_client.android.AndroidDriver.<init>(AndroidDriver.java:94)
at practice.AppiumFramework.base_function.Capabilities(base_function.java:89)
at practice.AppiumFramework.ApiDemoTest.apiDemo(ApiDemoTest.java:27)
at sun.reflect.NativeMethodAccessorImpl.invoke0(Native Method)
at sun.reflect.NativeMethodAccessorImpl.invoke(Unknown Source)
at sun.reflect.DelegatingMethodAccessorImpl.invoke(Unknown Source)
at java.lang.reflect.Method.invoke(Unknown Source)
at org.testng.internal.MethodInvocationHelper.invokeMethod(MethodInvocationHelper.java:124)
at org.testng.internal.Invoker.invokeMethod(Invoker.java:583)
at org.testng.internal.Invoker.invokeTestMethod(Invoker.java:719)
at org.testng.internal.Invoker.invokeTestMethods(Invoker.java:989)
at org.testng.internal.TestMethodWorker.invokeTestMethods(TestMethodWorker.java:125)
at org.testng.internal.TestMethodWorker.run(TestMethodWorker.java:109)
at org.testng.TestRunner.privateRun(TestRunner.java:648)
at org.testng.TestRunner.run(TestRunner.java:505)
at org.testng.SuiteRunner.runTest(SuiteRunner.java:455)
at org.testng.SuiteRunner.runSequentially(SuiteRunner.java:450)
at org.testng.SuiteRunner.privateRun(SuiteRunner.java:415)
at org.testng.SuiteRunner.run(SuiteRunner.java:364)
at org.testng.SuiteRunnerWorker.runSuite(SuiteRunnerWorker.java:52)
at org.testng.SuiteRunnerWorker.run(SuiteRunnerWorker.java:84)
at org.testng.TestNG.runSuitesSequentially(TestNG.java:1208)
at org.testng.TestNG.runSuitesLocally(TestNG.java:1137)
at org.testng.TestNG.runSuites(TestNG.java:1049)
at org.testng.TestNG.run(TestNG.java:1017)
at org.testng.remote.AbstractRemoteTestNG.run(AbstractRemoteTestNG.java:114)
at org.testng.remote.RemoteTestNG.initAndRun(RemoteTestNG.java:251)
at org.testng.remote.RemoteTestNG.main(RemoteTestNG.java:77)
Caused by: java.lang.reflect.InvocationTargetException
at sun.reflect.NativeMethodAccessorImpl.invoke0(Native Method)
at sun.reflect.NativeMethodAccessorImpl.invoke(Unknown Source)
at sun.reflect.DelegatingMethodAccessorImpl.invoke(Unknown Source)
at java.lang.reflect.Method.invoke(Unknown Source)
at io.appium.java_client.remote.AppiumCommandExecutor$1.createSession(AppiumCommandExecutor.java:186)
... 37 more
Caused by: org.openqa.selenium.WebDriverException: An unknown server-side error occurred while processing the command. Original error: Error executing adbExec. Original error: 'Command 'C\:\\Users\\SUBRAT\\AppData\\Local\\Android\\Sdk\\platform-tools\\adb.exe -P 5037 -s GYUGSOMFHAQWQONN shell settings delete global hidden_api_policy_pre_p_apps' exited with code 255'; Stderr: 'Security exception: Permission denial: writing to settings requires:android.permission.WRITE_SECURE_SETTINGS

java.lang.SecurityException: Permission denial: writing to settings requires:android.permission.WRITE_SECURE_SETTINGS
at com.android.providers.settings.SettingsProvider.enforceWritePermission(SettingsProvider.java:2028)
at com.android.providers.settings.SettingsProvider.mutateGlobalSetting(SettingsProvider.java:1093)
at com.android.providers.settings.SettingsProvider.deleteGlobalSetting(SettingsProvider.java:1076)
at com.android.providers.settings.SettingsProvider.delete(SettingsProvider.java:666)
at android.content.ContentProvider$Transport.delete(ContentProvider.java:404)
at com.android.providers.settings.SettingsService$MyShellCommand.deleteForUser(SettingsService.java:406)
at com.android.providers.settings.SettingsService$MyShellCommand.onCommand(SettingsService.java:289)
at android.os.ShellCommand.exec(ShellCommand.java:103)
at com.android.providers.settings.SettingsService.onShellCommand(SettingsService.java:51)
at android.os.Binder.shellCommand(Binder.java:634)
at android.os.Binder.onTransact(Binder.java:532)
at android.os.Binder.execTransact(Binder.java:731)'; Code: '255'
Build info: version: '4.0.0-alpha-1', revision: 'd1d3728cae', time: '2019-04-24T13:42:21'
System info: host: 'DESKTOP-ANR6LII', ip: '192.168.43.34', os.name: 'Windows 10', os.arch: 'amd64', os.version: '10.0', java.version: '1.8.0_211'
Driver info: driver.version: AndroidDriver
remote stacktrace: UnknownError: An unknown server-side error occurred while processing the command. Original error: Error executing adbExec. Original error: 'Command 'C\:\\Users\\SUBRAT\\AppData\\Local\\Android\\Sdk\\platform-tools\\adb.exe -P 5037 -s GYUGSOMFHAQWQONN shell settings delete global hidden_api_policy_pre_p_apps' exited with code 255'; Stderr: 'Security exception: Permission denial: writing to settings requires:android.permission.WRITE_SECURE_SETTINGS

java.lang.SecurityException: Permission denial: writing to settings requires:android.permission.WRITE_SECURE_SETTINGS
at com.android.providers.settings.SettingsProvider.enforceWritePermission(SettingsProvider.java:2028)
at com.android.providers.settings.SettingsProvider.mutateGlobalSetting(SettingsProvider.java:1093)
at com.android.providers.settings.SettingsProvider.deleteGlobalSetting(SettingsProvider.java:1076)
at com.android.providers.settings.SettingsProvider.delete(SettingsProvider.java:666)
at android.content.ContentProvider$Transport.delete(ContentProvider.java:404)
at com.android.providers.settings.SettingsService$MyShellCommand.deleteForUser(SettingsService.java:406)
at com.android.providers.settings.SettingsService$MyShellCommand.onCommand(SettingsService.java:289)
at android.os.ShellCommand.exec(ShellCommand.java:103)
at com.android.providers.settings.SettingsService.onShellCommand(SettingsService.java:51)
at android.os.Binder.shellCommand(Binder.java:634)
at android.os.Binder.onTransact(Binder.java:532)
at android.os.Binder.execTransact(Binder.java:731)'; Code: '255'
    at getResponseForW3CError (C:\Users\SUBRAT\AppData\Roaming\npm\node_modules\appium\node_modules\appium-base-driver\lib\protocol\errors.js:826:9)
    at asyncHandler (C:\Users\SUBRAT\AppData\Roaming\npm\node_modules\appium\node_modules\appium-base-driver\lib\protocol\protocol.js:447:37)
at sun.reflect.NativeConstructorAccessorImpl.newInstance0(Native Method)
at sun.reflect.NativeConstructorAccessorImpl.newInstance(Unknown Source)
at sun.reflect.DelegatingConstructorAccessorImpl.newInstance(Unknown Source)
at java.lang.reflect.Constructor.newInstance(Unknown Source)
at org.openqa.selenium.remote.W3CHandshakeResponse.lambda$errorHandler$0(W3CHandshakeResponse.java:62)
at org.openqa.selenium.remote.HandshakeResponse.lambda$getResponseFunction$0(HandshakeResponse.java:30)
at org.openqa.selenium.remote.ProtocolHandshake.lambda$createSession$0(ProtocolHandshake.java:126)
at java.util.stream.ReferencePipeline$3$1.accept(Unknown Source)
at java.util.Spliterators$ArraySpliterator.tryAdvance(Unknown Source)
at java.util.stream.ReferencePipeline.forEachWithCancel(Unknown Source)
at java.util.stream.AbstractPipeline.copyIntoWithCancel(Unknown Source)
at java.util.stream.AbstractPipeline.copyInto(Unknown Source)
at java.util.stream.AbstractPipeline.wrapAndCopyInto(Unknown Source)
at java.util.stream.FindOps$FindOp.evaluateSequential(Unknown Source)
at java.util.stream.AbstractPipeline.evaluate(Unknown Source)
at java.util.stream.ReferencePipeline.findFirst(Unknown Source)
at org.openqa.selenium.remote.ProtocolHandshake.createSession(ProtocolHandshake.java:128)
... 42 more
]]>
    </error>
  </testcase> <!-- apiDemo -->
  <testcase name="apiDemo" time="0.884" classname="practice.AppiumFramework.ApiDemoTest">
    <error type="org.openqa.selenium.SessionNotCreatedException" message="Unable to create a new remote session. Please check the server log for more details. Original error: An unknown server-side error occurred while processing the command. Original error: Error executing adbExec. Original error: &#039;Command &#039;C\:\\Users\\SUBRAT\\AppData\\Local\\Android\\Sdk\\platform-tools\\adb.exe -P 5037 -s GYUGSOMFHAQWQONN shell settings delete global hidden_api_policy_pre_p_apps&#039; exited with code 255&#039;; Stderr: &#039;Security exception: Permission denial: writing to settings requires:android.permission.WRITE_SECURE_SETTINGS

java.lang.SecurityException: Permission denial: writing to settings requires:android.permission.WRITE_SECURE_SETTINGS
	at com.android.providers.settings.SettingsProvider.enforceWritePermission(SettingsProvider.java:2028)
	at com.android.providers.settings.SettingsProvider.mutateGlobalSetting(SettingsProvider.java:1093)
	at com.android.providers.settings.SettingsProvider.deleteGlobalSetting(SettingsProvider.java:1076)
	at com.android.providers.settings.SettingsProvider.delete(SettingsProvider.java:666)
	at android.content.ContentProvider$Transport.delete(ContentProvider.java:404)
	at com.android.providers.settings.SettingsService$MyShellCommand.deleteForUser(SettingsService.java:406)
	at com.android.providers.settings.SettingsService$MyShellCommand.onCommand(SettingsService.java:289)
	at android.os.ShellCommand.exec(ShellCommand.java:103)
	at com.android.providers.settings.SettingsService.onShellCommand(SettingsService.java:51)
	at android.os.Binder.shellCommand(Binder.java:634)
	at android.os.Binder.onTransact(Binder.java:532)
	at android.os.Binder.execTransact(Binder.java:731)&#039;; Code: &#039;255&#039;
Build info: version: &#039;4.0.0-alpha-1&#039;, revision: &#039;d1d3728cae&#039;, time: &#039;2019-04-24T13:42:21&#039;
System info: host: &#039;DESKTOP-ANR6LII&#039;, ip: &#039;192.168.43.34&#039;, os.name: &#039;Windows 10&#039;, os.arch: &#039;amd64&#039;, os.version: &#039;10.0&#039;, java.version: &#039;1.8.0_211&#039;
Driver info: driver.version: AndroidDriver
remote stacktrace: UnknownError: An unknown server-side error occurred while processing the command. Original error: Error executing adbExec. Original error: &#039;Command &#039;C\:\\Users\\SUBRAT\\AppData\\Local\\Android\\Sdk\\platform-tools\\adb.exe -P 5037 -s GYUGSOMFHAQWQONN shell settings delete global hidden_api_policy_pre_p_apps&#039; exited with code 255&#039;; Stderr: &#039;Security exception: Permission denial: writing to settings requires:android.permission.WRITE_SECURE_SETTINGS

java.lang.SecurityException: Permission denial: writing to settings requires:android.permission.WRITE_SECURE_SETTINGS
	at com.android.providers.settings.SettingsProvider.enforceWritePermission(SettingsProvider.java:2028)
	at com.android.providers.settings.SettingsProvider.mutateGlobalSetting(SettingsProvider.java:1093)
	at com.android.providers.settings.SettingsProvider.deleteGlobalSetting(SettingsProvider.java:1076)
	at com.android.providers.settings.SettingsProvider.delete(SettingsProvider.java:666)
	at android.content.ContentProvider$Transport.delete(ContentProvider.java:404)
	at com.android.providers.settings.SettingsService$MyShellCommand.deleteForUser(SettingsService.java:406)
	at com.android.providers.settings.SettingsService$MyShellCommand.onCommand(SettingsService.java:289)
	at android.os.ShellCommand.exec(ShellCommand.java:103)
	at com.android.providers.settings.SettingsService.onShellCommand(SettingsService.java:51)
	at android.os.Binder.shellCommand(Binder.java:634)
	at android.os.Binder.onTransact(Binder.java:532)
	at android.os.Binder.execTransact(Binder.java:731)&#039;; Code: &#039;255&#039;
    at getResponseForW3CError (C:\Users\SUBRAT\AppData\Roaming\npm\node_modules\appium\node_modules\appium-base-driver\lib\protocol\errors.js:826:9)
    at asyncHandler (C:\Users\SUBRAT\AppData\Roaming\npm\node_modules\appium\node_modules\appium-base-driver\lib\protocol\protocol.js:447:37)
Build info: version: &#039;4.0.0-alpha-1&#039;, revision: &#039;d1d3728cae&#039;, time: &#039;2019-04-24T13:42:21&#039;
System info: host: &#039;DESKTOP-ANR6LII&#039;, ip: &#039;192.168.43.34&#039;, os.name: &#039;Windows 10&#039;, os.arch: &#039;amd64&#039;, os.version: &#039;10.0&#039;, java.version: &#039;1.8.0_211&#039;
Driver info: driver.version: AndroidDriver">
      <![CDATA[org.openqa.selenium.SessionNotCreatedException: Unable to create a new remote session. Please check the server log for more details. Original error: An unknown server-side error occurred while processing the command. Original error: Error executing adbExec. Original error: 'Command 'C\:\\Users\\SUBRAT\\AppData\\Local\\Android\\Sdk\\platform-tools\\adb.exe -P 5037 -s GYUGSOMFHAQWQONN shell settings delete global hidden_api_policy_pre_p_apps' exited with code 255'; Stderr: 'Security exception: Permission denial: writing to settings requires:android.permission.WRITE_SECURE_SETTINGS

java.lang.SecurityException: Permission denial: writing to settings requires:android.permission.WRITE_SECURE_SETTINGS
at com.android.providers.settings.SettingsProvider.enforceWritePermission(SettingsProvider.java:2028)
at com.android.providers.settings.SettingsProvider.mutateGlobalSetting(SettingsProvider.java:1093)
at com.android.providers.settings.SettingsProvider.deleteGlobalSetting(SettingsProvider.java:1076)
at com.android.providers.settings.SettingsProvider.delete(SettingsProvider.java:666)
at android.content.ContentProvider$Transport.delete(ContentProvider.java:404)
at com.android.providers.settings.SettingsService$MyShellCommand.deleteForUser(SettingsService.java:406)
at com.android.providers.settings.SettingsService$MyShellCommand.onCommand(SettingsService.java:289)
at android.os.ShellCommand.exec(ShellCommand.java:103)
at com.android.providers.settings.SettingsService.onShellCommand(SettingsService.java:51)
at android.os.Binder.shellCommand(Binder.java:634)
at android.os.Binder.onTransact(Binder.java:532)
at android.os.Binder.execTransact(Binder.java:731)'; Code: '255'
Build info: version: '4.0.0-alpha-1', revision: 'd1d3728cae', time: '2019-04-24T13:42:21'
System info: host: 'DESKTOP-ANR6LII', ip: '192.168.43.34', os.name: 'Windows 10', os.arch: 'amd64', os.version: '10.0', java.version: '1.8.0_211'
Driver info: driver.version: AndroidDriver
remote stacktrace: UnknownError: An unknown server-side error occurred while processing the command. Original error: Error executing adbExec. Original error: 'Command 'C\:\\Users\\SUBRAT\\AppData\\Local\\Android\\Sdk\\platform-tools\\adb.exe -P 5037 -s GYUGSOMFHAQWQONN shell settings delete global hidden_api_policy_pre_p_apps' exited with code 255'; Stderr: 'Security exception: Permission denial: writing to settings requires:android.permission.WRITE_SECURE_SETTINGS

java.lang.SecurityException: Permission denial: writing to settings requires:android.permission.WRITE_SECURE_SETTINGS
at com.android.providers.settings.SettingsProvider.enforceWritePermission(SettingsProvider.java:2028)
at com.android.providers.settings.SettingsProvider.mutateGlobalSetting(SettingsProvider.java:1093)
at com.android.providers.settings.SettingsProvider.deleteGlobalSetting(SettingsProvider.java:1076)
at com.android.providers.settings.SettingsProvider.delete(SettingsProvider.java:666)
at android.content.ContentProvider$Transport.delete(ContentProvider.java:404)
at com.android.providers.settings.SettingsService$MyShellCommand.deleteForUser(SettingsService.java:406)
at com.android.providers.settings.SettingsService$MyShellCommand.onCommand(SettingsService.java:289)
at android.os.ShellCommand.exec(ShellCommand.java:103)
at com.android.providers.settings.SettingsService.onShellCommand(SettingsService.java:51)
at android.os.Binder.shellCommand(Binder.java:634)
at android.os.Binder.onTransact(Binder.java:532)
at android.os.Binder.execTransact(Binder.java:731)'; Code: '255'
    at getResponseForW3CError (C:\Users\SUBRAT\AppData\Roaming\npm\node_modules\appium\node_modules\appium-base-driver\lib\protocol\errors.js:826:9)
    at asyncHandler (C:\Users\SUBRAT\AppData\Roaming\npm\node_modules\appium\node_modules\appium-base-driver\lib\protocol\protocol.js:447:37)
Build info: version: '4.0.0-alpha-1', revision: 'd1d3728cae', time: '2019-04-24T13:42:21'
System info: host: 'DESKTOP-ANR6LII', ip: '192.168.43.34', os.name: 'Windows 10', os.arch: 'amd64', os.version: '10.0', java.version: '1.8.0_211'
Driver info: driver.version: AndroidDriver
at io.appium.java_client.remote.AppiumCommandExecutor$1.createSession(AppiumCommandExecutor.java:208)
at io.appium.java_client.remote.AppiumCommandExecutor.createSession(AppiumCommandExecutor.java:217)
at io.appium.java_client.remote.AppiumCommandExecutor.execute(AppiumCommandExecutor.java:239)
at org.openqa.selenium.remote.RemoteWebDriver.execute(RemoteWebDriver.java:577)
at org.openqa.selenium.remote.RemoteWebDriver.startSession(RemoteWebDriver.java:211)
at io.appium.java_client.AppiumDriver.startSession(AppiumDriver.java:323)
at org.openqa.selenium.remote.RemoteWebDriver.<init>(RemoteWebDriver.java:131)
at io.appium.java_client.DefaultGenericMobileDriver.<init>(DefaultGenericMobileDriver.java:37)
at io.appium.java_client.AppiumDriver.<init>(AppiumDriver.java:86)
at io.appium.java_client.AppiumDriver.<init>(AppiumDriver.java:96)
at io.appium.java_client.android.AndroidDriver.<init>(AndroidDriver.java:94)
at practice.AppiumFramework.base_function.Capabilities(base_function.java:89)
at practice.AppiumFramework.ApiDemoTest.apiDemo(ApiDemoTest.java:27)
at sun.reflect.NativeMethodAccessorImpl.invoke0(Native Method)
at sun.reflect.NativeMethodAccessorImpl.invoke(Unknown Source)
at sun.reflect.DelegatingMethodAccessorImpl.invoke(Unknown Source)
at java.lang.reflect.Method.invoke(Unknown Source)
at org.testng.internal.MethodInvocationHelper.invokeMethod(MethodInvocationHelper.java:124)
at org.testng.internal.Invoker.invokeMethod(Invoker.java:583)
at org.testng.internal.Invoker.invokeTestMethod(Invoker.java:719)
at org.testng.internal.Invoker.invokeTestMethods(Invoker.java:989)
at org.testng.internal.TestMethodWorker.invokeTestMethods(TestMethodWorker.java:125)
at org.testng.internal.TestMethodWorker.run(TestMethodWorker.java:109)
at org.testng.TestRunner.privateRun(TestRunner.java:648)
at org.testng.TestRunner.run(TestRunner.java:505)
at org.testng.SuiteRunner.runTest(SuiteRunner.java:455)
at org.testng.SuiteRunner.runSequentially(SuiteRunner.java:450)
at org.testng.SuiteRunner.privateRun(SuiteRunner.java:415)
at org.testng.SuiteRunner.run(SuiteRunner.java:364)
at org.testng.SuiteRunnerWorker.runSuite(SuiteRunnerWorker.java:52)
at org.testng.SuiteRunnerWorker.run(SuiteRunnerWorker.java:84)
at org.testng.TestNG.runSuitesSequentially(TestNG.java:1208)
at org.testng.TestNG.runSuitesLocally(TestNG.java:1137)
at org.testng.TestNG.runSuites(TestNG.java:1049)
at org.testng.TestNG.run(TestNG.java:1017)
at org.testng.remote.AbstractRemoteTestNG.run(AbstractRemoteTestNG.java:114)
at org.testng.remote.RemoteTestNG.initAndRun(RemoteTestNG.java:251)
at org.testng.remote.RemoteTestNG.main(RemoteTestNG.java:77)
Caused by: java.lang.reflect.InvocationTargetException
at sun.reflect.NativeMethodAccessorImpl.invoke0(Native Method)
at sun.reflect.NativeMethodAccessorImpl.invoke(Unknown Source)
at sun.reflect.DelegatingMethodAccessorImpl.invoke(Unknown Source)
at java.lang.reflect.Method.invoke(Unknown Source)
at io.appium.java_client.remote.AppiumCommandExecutor$1.createSession(AppiumCommandExecutor.java:186)
... 37 more
Caused by: org.openqa.selenium.WebDriverException: An unknown server-side error occurred while processing the command. Original error: Error executing adbExec. Original error: 'Command 'C\:\\Users\\SUBRAT\\AppData\\Local\\Android\\Sdk\\platform-tools\\adb.exe -P 5037 -s GYUGSOMFHAQWQONN shell settings delete global hidden_api_policy_pre_p_apps' exited with code 255'; Stderr: 'Security exception: Permission denial: writing to settings requires:android.permission.WRITE_SECURE_SETTINGS

java.lang.SecurityException: Permission denial: writing to settings requires:android.permission.WRITE_SECURE_SETTINGS
at com.android.providers.settings.SettingsProvider.enforceWritePermission(SettingsProvider.java:2028)
at com.android.providers.settings.SettingsProvider.mutateGlobalSetting(SettingsProvider.java:1093)
at com.android.providers.settings.SettingsProvider.deleteGlobalSetting(SettingsProvider.java:1076)
at com.android.providers.settings.SettingsProvider.delete(SettingsProvider.java:666)
at android.content.ContentProvider$Transport.delete(ContentProvider.java:404)
at com.android.providers.settings.SettingsService$MyShellCommand.deleteForUser(SettingsService.java:406)
at com.android.providers.settings.SettingsService$MyShellCommand.onCommand(SettingsService.java:289)
at android.os.ShellCommand.exec(ShellCommand.java:103)
at com.android.providers.settings.SettingsService.onShellCommand(SettingsService.java:51)
at android.os.Binder.shellCommand(Binder.java:634)
at android.os.Binder.onTransact(Binder.java:532)
at android.os.Binder.execTransact(Binder.java:731)'; Code: '255'
Build info: version: '4.0.0-alpha-1', revision: 'd1d3728cae', time: '2019-04-24T13:42:21'
System info: host: 'DESKTOP-ANR6LII', ip: '192.168.43.34', os.name: 'Windows 10', os.arch: 'amd64', os.version: '10.0', java.version: '1.8.0_211'
Driver info: driver.version: AndroidDriver
remote stacktrace: UnknownError: An unknown server-side error occurred while processing the command. Original error: Error executing adbExec. Original error: 'Command 'C\:\\Users\\SUBRAT\\AppData\\Local\\Android\\Sdk\\platform-tools\\adb.exe -P 5037 -s GYUGSOMFHAQWQONN shell settings delete global hidden_api_policy_pre_p_apps' exited with code 255'; Stderr: 'Security exception: Permission denial: writing to settings requires:android.permission.WRITE_SECURE_SETTINGS

java.lang.SecurityException: Permission denial: writing to settings requires:android.permission.WRITE_SECURE_SETTINGS
at com.android.providers.settings.SettingsProvider.enforceWritePermission(SettingsProvider.java:2028)
at com.android.providers.settings.SettingsProvider.mutateGlobalSetting(SettingsProvider.java:1093)
at com.android.providers.settings.SettingsProvider.deleteGlobalSetting(SettingsProvider.java:1076)
at com.android.providers.settings.SettingsProvider.delete(SettingsProvider.java:666)
at android.content.ContentProvider$Transport.delete(ContentProvider.java:404)
at com.android.providers.settings.SettingsService$MyShellCommand.deleteForUser(SettingsService.java:406)
at com.android.providers.settings.SettingsService$MyShellCommand.onCommand(SettingsService.java:289)
at android.os.ShellCommand.exec(ShellCommand.java:103)
at com.android.providers.settings.SettingsService.onShellCommand(SettingsService.java:51)
at android.os.Binder.shellCommand(Binder.java:634)
at android.os.Binder.onTransact(Binder.java:532)
at android.os.Binder.execTransact(Binder.java:731)'; Code: '255'
    at getResponseForW3CError (C:\Users\SUBRAT\AppData\Roaming\npm\node_modules\appium\node_modules\appium-base-driver\lib\protocol\errors.js:826:9)
    at asyncHandler (C:\Users\SUBRAT\AppData\Roaming\npm\node_modules\appium\node_modules\appium-base-driver\lib\protocol\protocol.js:447:37)
at sun.reflect.NativeConstructorAccessorImpl.newInstance0(Native Method)
at sun.reflect.NativeConstructorAccessorImpl.newInstance(Unknown Source)
at sun.reflect.DelegatingConstructorAccessorImpl.newInstance(Unknown Source)
at java.lang.reflect.Constructor.newInstance(Unknown Source)
at org.openqa.selenium.remote.W3CHandshakeResponse.lambda$errorHandler$0(W3CHandshakeResponse.java:62)
at org.openqa.selenium.remote.HandshakeResponse.lambda$getResponseFunction$0(HandshakeResponse.java:30)
at org.openqa.selenium.remote.ProtocolHandshake.lambda$createSession$0(ProtocolHandshake.java:126)
at java.util.stream.ReferencePipeline$3$1.accept(Unknown Source)
at java.util.Spliterators$ArraySpliterator.tryAdvance(Unknown Source)
at java.util.stream.ReferencePipeline.forEachWithCancel(Unknown Source)
at java.util.stream.AbstractPipeline.copyIntoWithCancel(Unknown Source)
at java.util.stream.AbstractPipeline.copyInto(Unknown Source)
at java.util.stream.AbstractPipeline.wrapAndCopyInto(Unknown Source)
at java.util.stream.FindOps$FindOp.evaluateSequential(Unknown Source)
at java.util.stream.AbstractPipeline.evaluate(Unknown Source)
at java.util.stream.ReferencePipeline.findFirst(Unknown Source)
at org.openqa.selenium.remote.ProtocolHandshake.createSession(ProtocolHandshake.java:128)
... 42 more
]]>
    </error>
  </testcase> <!-- apiDemo -->
</testsuite> <!-- practice.AppiumFramework.ApiDemoTest -->
