<?xml version="1.0" encoding="UTF-8"?>
<!-- Generated by org.testng.reporters.JUnitReportReporter -->
<testsuite skipped="0" hostname="DESKTOP-ANR6LII" name="practice.AppiumFramework.searchContacs" tests="1" failures="0" timestamp="15 Jan 2020 13:15:34 GMT" time="13.398" errors="0">
  <testcase name="searchContacs" time="13.398" classname="practice.AppiumFramework.searchContacs"/>
</testsuite> <!-- practice.AppiumFramework.searchContacs -->
