<?xml version="1.0" encoding="UTF-8"?>
<!-- Generated by org.testng.reporters.JUnitReportReporter -->
<testsuite hostname="DESKTOP-ANR6LII" failures="0" tests="1" name="test.test1" time="0.015" errors="0" timestamp="04 Aug 2019 10:39:58 GMT" skipped="0">
  <testcase classname="test.test1" name="Demo" time="0.015"/>
</testsuite> <!-- test.test1 -->
