<?xml version="1.0" encoding="UTF-8"?>
<!-- Generated by org.testng.reporters.JUnitReportReporter -->
<testsuite hostname="DESKTOP-ANR6LII" failures="0" tests="1" name="practice.AppiumFramework.ecommerce_tc_4" time="38.300" errors="0" timestamp="28 Aug 2019 17:10:45 GMT" skipped="0">
  <testcase classname="practice.AppiumFramework.ecommerce_tc_4" name="totalValidation" time="38.300"/>
</testsuite> <!-- practice.AppiumFramework.ecommerce_tc_4 -->
