<?xml version="1.0" encoding="UTF-8"?>
<!-- Generated by org.testng.reporters.JUnitReportReporter -->
<testsuite hostname="DESKTOP-ANR6LII" failures="0" tests="3" name="practice.AppiumFramework.ApiDemoTest" time="91.177" errors="0" timestamp="28 Aug 2019 17:10:45 GMT" skipped="0">
  <testcase classname="practice.AppiumFramework.ApiDemoTest" name="apiDemo" time="31.113"/>
  <testcase classname="practice.AppiumFramework.ApiDemoTest" name="apiDemo" time="30.622"/>
  <testcase classname="practice.AppiumFramework.ApiDemoTest" name="apiDemo" time="29.442"/>
</testsuite> <!-- practice.AppiumFramework.ApiDemoTest -->
